#-----------------------------------------------------------
# Vivado v2017.4 (64-bit)
# SW Build 2086221 on Fri Dec 15 20:55:39 MST 2017
# IP Build 2085800 on Fri Dec 15 22:25:07 MST 2017
# Start of session at: Fri Oct 13 20:51:15 2023
# Process ID: 7000
# Current directory: F:/100 rtl days challenge/Day_15
# Command line: vivado.exe -gui_launcher_event rodinguilauncherevent12268 F:\100 rtl days challenge\Day_15\Day_15.xpr
# Log file: F:/100 rtl days challenge/Day_15/vivado.log
# Journal file: F:/100 rtl days challenge/Day_15\vivado.jou
#-----------------------------------------------------------
start_gui
open_project {F:/100 rtl days challenge/Day_15/Day_15.xpr}
ERROR: [Project 1-208] No val for DA Elab Attr
Scanning sources...
ERROR: [Common 17-70] Application Exception: SrcMgr::createSS : type not set
exit
INFO: [Common 17-206] Exiting Vivado at Fri Oct 13 21:02:49 2023...
nished scanning sources
INFO: [IP_Flow 19-234] Refreshing IP repositories
INFO: [IP_Flow 19-1704] No user IP repositories specified
INFO: [IP_Flow 19-2313] Loaded Vivado IP repository 'C:/Xilinx/Vivado/2017.4/data/ip'.
open_project: Time (s): cpu = 00:00:10 ; elapsed = 00:00:05 . Memory (MB): peak = 811.582 ; gain = 51.914
update_compile_order -fileset sources_1
open_project C:/Users/user/project_1/project_1.xpr
ERROR: [Project 1-208] No val for DA Elab Attr
Scanning sources...
ERROR: [Common 17-70] Application Exception: SrcMgr::createSS : type not set
exit
INFO: [Common 17-206] Exiting Vivado at Fri Oct 13 21:02:44 2023...
