#-----------------------------------------------------------
# Vivado v2021.1 (64-bit)
# SW Build 3247384 on Thu Jun 10 19:36:33 MDT 2021
# IP Build 3246043 on Fri Jun 11 00:30:35 MDT 2021
# Start of session at: Fri Oct  6 18:50:51 2023
# Process ID: 6760
# Current directory: F:/100 rtl days challenge/Day_8
# Command line: vivado.exe -gui_launcher_event rodinguilauncherevent11228 F:\100 rtl days challenge\Day_8\Day_8.xpr
# Log file: F:/100 rtl days challenge/Day_8/vivado.log
# Journal file: F:/100 rtl days challenge/Day_8\vivado.jou
#-----------------------------------------------------------
start_gui
open_project {F:/100 rtl days challenge/Day_8/Day_8.xpr}
WARNING: [filemgmt 56-3] Default IP Output Path : Could not find the directory 'F:/100 rtl days challenge/Day_8/Day_8.gen/sources_1'.
Scanning sources...
Finished scanning sources
INFO: [IP_Flow 19-234] Refreshing IP repositories
INFO: [IP_Flow 19-1704] No user IP repositories specified
INFO: [IP_Flow 19-2313] Loaded Vivado IP repository 'C:/Xilinx/Vivado/2021.1/data/ip'.
open_project: Time (s): cpu = 00:00:19 ; elapsed = 00:00:09 . Memory (MB): peak = 1135.945 ; gain = 0.000
update_compile_order -fileset sources_1
close [ open {F:/100 rtl days challenge/Day_8/Day_8.srcs/sources_1/new/1.v} w ]
add_files {{F:/100 rtl days challenge/Day_8/Day_8.srcs/sources_1/new/1.v}}
